# JRE version: OpenJDK Runtime Environment Temurin-17.0.7+7 (17.0.7+7) (build 17.0.7+7)
# Java VM: OpenJDK 64-Bit Server VM Temurin-17.0.7+7 (17.0.7+7, mixed mode, tiered, compressed oops, compressed class ptrs, g1 gc, windows-amd64)
GC Precious Log:
 CPUs: 4 total, 4 available
 Memory: 8060M
 Large Page Support: Disabled
 NUMA Support: Disabled
 Compressed Oops: Enabled (32-bit)
 Heap Region Size: 1M
 Heap Min Capacity: 8M
 Heap Initial Capacity: 126M
 Heap Max Capacity: 2016M
 Pre-touch: Disabled
 Parallel Workers: 4
 Concurrent Workers: 1
 Concurrent Refinement Workers: 4
 Periodic GC: Disabled
Heap:
 garbage-first heap   total 46080K, used 22172K [0x0000000082000000, 0x0000000100000000)
  region size 1024K, 3 young (3072K), 2 survivors (2048K)
 Metaspace       used 47967K, committed 48448K, reserved 1114112K
  class space    used 6053K, committed 6272K, reserved 1048576K
GC Heap History (20 events):
Event: 2.896 GC heap before
{Heap before GC invocations=3 (full 0):
 garbage-first heap   total 129024K, used 11761K [0x0000000082000000, 0x0000000100000000)
  region size 1024K, 6 young (6144K), 3 survivors (3072K)
 Metaspace       used 21302K, committed 21504K, reserved 1114112K
  class space    used 2464K, committed 2560K, reserved 1048576K
}
Event: 2.901 GC heap after
{Heap after GC invocations=4 (full 0):
 garbage-first heap   total 129024K, used 9969K [0x0000000082000000, 0x0000000100000000)
  region size 1024K, 3 young (3072K), 3 survivors (3072K)
 Metaspace       used 21302K, committed 21504K, reserved 1114112K
  class space    used 2464K, committed 2560K, reserved 1048576K
}
Event: 3.466 GC heap before
{Heap before GC invocations=5 (full 0):
 garbage-first heap   total 37888K, used 27377K [0x0000000082000000, 0x0000000100000000)
  region size 1024K, 22 young (22528K), 3 survivors (3072K)
 Metaspace       used 25599K, committed 25856K, reserved 1114112K
  class space    used 2892K, committed 3008K, reserved 1048576K
}
Event: 3.475 GC heap after
{Heap after GC invocations=6 (full 0):
 garbage-first heap   total 37888K, used 12055K [0x0000000082000000, 0x0000000100000000)
  region size 1024K, 3 young (3072K), 3 survivors (3072K)
 Metaspace       used 25599K, committed 25856K, reserved 1114112K
  class space    used 2892K, committed 3008K, reserved 1048576K
}
Event: 3.714 GC heap before
{Heap before GC invocations=6 (full 0):
 garbage-first heap   total 37888K, used 23319K [0x0000000082000000, 0x0000000100000000)
  region size 1024K, 15 young (15360K), 3 survivors (3072K)
 Metaspace       used 28037K, committed 28288K, reserved 1114112K
  class space    used 3213K, committed 3328K, reserved 1048576K
}
Event: 3.719 GC heap after
{Heap after GC invocations=7 (full 0):
 garbage-first heap   total 37888K, used 12915K [0x0000000082000000, 0x0000000100000000)
  region size 1024K, 1 young (1024K), 1 survivors (1024K)
 Metaspace       used 28037K, committed 28288K, reserved 1114112K
  class space    used 3213K, committed 3328K, reserved 1048576K
}
Event: 4.149 GC heap before
{Heap before GC invocations=7 (full 0):
 garbage-first heap   total 37888K, used 25203K [0x0000000082000000, 0x0000000100000000)
  region size 1024K, 14 young (14336K), 1 survivors (1024K)
 Metaspace       used 30046K, committed 30272K, reserved 1114112K
  class space    used 3472K, committed 3584K, reserved 1048576K
}
Event: 4.154 GC heap after
{Heap after GC invocations=8 (full 0):
 garbage-first heap   total 37888K, used 14572K [0x0000000082000000, 0x0000000100000000)
  region size 1024K, 2 young (2048K), 2 survivors (2048K)
 Metaspace       used 30046K, committed 30272K, reserved 1114112K
  class space    used 3472K, committed 3584K, reserved 1048576K
}
Event: 4.658 GC heap before
{Heap before GC invocations=8 (full 0):
 garbage-first heap   total 37888K, used 26860K [0x0000000082000000, 0x0000000100000000)
  region size 1024K, 14 young (14336K), 2 survivors (2048K)
 Metaspace       used 31178K, committed 31424K, reserved 1114112K
  class space    used 3613K, committed 3712K, reserved 1048576K
}
Event: 4.667 GC heap after
{Heap after GC invocations=9 (full 0):
 garbage-first heap   total 37888K, used 15628K [0x0000000082000000, 0x0000000100000000)
  region size 1024K, 1 young (1024K), 1 survivors (1024K)
 Metaspace       used 31178K, committed 31424K, reserved 1114112K
  class space    used 3613K, committed 3712K, reserved 1048576K
}
Event: 5.201 GC heap before
{Heap before GC invocations=9 (full 0):
 garbage-first heap   total 37888K, used 27916K [0x0000000082000000, 0x0000000100000000)
  region size 1024K, 13 young (13312K), 1 survivors (1024K)
 Metaspace       used 33031K, committed 33344K, reserved 1114112K
  class space    used 3871K, committed 4032K, reserved 1048576K
}
Event: 5.207 GC heap after
{Heap after GC invocations=10 (full 0):
 garbage-first heap   total 46080K, used 16446K [0x0000000082000000, 0x0000000100000000)
  region size 1024K, 2 young (2048K), 2 survivors (2048K)
 Metaspace       used 33031K, committed 33344K, reserved 1114112K
  class space    used 3871K, committed 4032K, reserved 1048576K
}
Event: 6.377 GC heap before
{Heap before GC invocations=10 (full 0):
 garbage-first heap   total 46080K, used 32830K [0x0000000082000000, 0x0000000100000000)
  region size 1024K, 19 young (19456K), 2 survivors (2048K)
 Metaspace       used 35609K, committed 35968K, reserved 1114112K
  class space    used 4230K, committed 4352K, reserved 1048576K
}
Event: 6.384 GC heap after
{Heap after GC invocations=11 (full 0):
 garbage-first heap   total 46080K, used 17928K [0x0000000082000000, 0x0000000100000000)
  region size 1024K, 3 young (3072K), 3 survivors (3072K)
 Metaspace       used 35609K, committed 35968K, reserved 1114112K
  class space    used 4230K, committed 4352K, reserved 1048576K
}
Event: 7.493 GC heap before
{Heap before GC invocations=12 (full 0):
 garbage-first heap   total 46080K, used 34312K [0x0000000082000000, 0x0000000100000000)
  region size 1024K, 19 young (19456K), 3 survivors (3072K)
 Metaspace       used 38967K, committed 39360K, reserved 1114112K
  class space    used 4721K, committed 4928K, reserved 1048576K
}
Event: 7.505 GC heap after
{Heap after GC invocations=13 (full 0):
 garbage-first heap   total 46080K, used 19490K [0x0000000082000000, 0x0000000100000000)
  region size 1024K, 3 young (3072K), 3 survivors (3072K)
 Metaspace       used 38967K, committed 39360K, reserved 1114112K
  class space    used 4721K, committed 4928K, reserved 1048576K
}
Event: 8.051 GC heap before
{Heap before GC invocations=13 (full 0):
 garbage-first heap   total 46080K, used 34850K [0x0000000082000000, 0x0000000100000000)
  region size 1024K, 18 young (18432K), 3 survivors (3072K)
 Metaspace       used 41173K, committed 41600K, reserved 1114112K
  class space    used 4981K, committed 5184K, reserved 1048576K
}
Event: 8.059 GC heap after
{Heap after GC invocations=14 (full 0):
 garbage-first heap   total 46080K, used 20722K [0x0000000082000000, 0x0000000100000000)
  region size 1024K, 2 young (2048K), 2 survivors (2048K)
 Metaspace       used 41173K, committed 41600K, reserved 1114112K
  class space    used 4981K, committed 5184K, reserved 1048576K
}
Event: 8.629 GC heap before
{Heap before GC invocations=14 (full 0):
 garbage-first heap   total 46080K, used 35058K [0x0000000082000000, 0x0000000100000000)
  region size 1024K, 16 young (16384K), 2 survivors (2048K)
 Metaspace       used 44462K, committed 44928K, reserved 1114112K
  class space    used 5446K, committed 5696K, reserved 1048576K
}
Event: 8.634 GC heap after
{Heap after GC invocations=15 (full 0):
 garbage-first heap   total 46080K, used 21470K [0x0000000082000000, 0x0000000100000000)
  region size 1024K, 1 young (1024K), 1 survivors (1024K)
 Metaspace       used 44462K, committed 44928K, reserved 1114112K
  class space    used 5446K, committed 5696K, reserved 1048576K
}

